d:\программирование\3_сем\кпо\zmi-2025\zmi-2025\debug\vc143.pdb
d:\программирование\3_сем\кпо\zmi-2025\zmi-2025\debug\vc143.idb
d:\программирование\3_сем\кпо\zmi-2025\zmi-2025\debug\zmi-2025.obj
d:\программирование\3_сем\кпо\zmi-2025\zmi-2025\debug\sem.obj
d:\программирование\3_сем\кпо\zmi-2025\zmi-2025\debug\pn.obj
d:\программирование\3_сем\кпо\zmi-2025\zmi-2025\debug\parm.obj
d:\программирование\3_сем\кпо\zmi-2025\zmi-2025\debug\mfst.obj
d:\программирование\3_сем\кпо\zmi-2025\zmi-2025\debug\lt.obj
d:\программирование\3_сем\кпо\zmi-2025\zmi-2025\debug\log.obj
d:\программирование\3_сем\кпо\zmi-2025\zmi-2025\debug\lex.obj
d:\программирование\3_сем\кпо\zmi-2025\zmi-2025\debug\it.obj
d:\программирование\3_сем\кпо\zmi-2025\zmi-2025\debug\in.obj
d:\программирование\3_сем\кпо\zmi-2025\zmi-2025\debug\greibach.obj
d:\программирование\3_сем\кпо\zmi-2025\zmi-2025\debug\generation.obj
d:\программирование\3_сем\кпо\zmi-2025\zmi-2025\debug\fst.obj
d:\программирование\3_сем\кпо\zmi-2025\zmi-2025\debug\error.obj
d:\программирование\3_сем\кпо\zmi-2025\debug\zmi-2025.exe
d:\программирование\3_сем\кпо\zmi-2025\debug\zmi-2025.pdb
d:\программирование\3_сем\кпо\zmi-2025\zmi-2025\debug\zmi-2025.ilk
d:\программирование\3_сем\кпо\zmi-2025\zmi-2025\debug\zmi-2025.tlog\cl.command.1.tlog
d:\программирование\3_сем\кпо\zmi-2025\zmi-2025\debug\zmi-2025.tlog\cl.items.tlog
d:\программирование\3_сем\кпо\zmi-2025\zmi-2025\debug\zmi-2025.tlog\cl.read.1.tlog
d:\программирование\3_сем\кпо\zmi-2025\zmi-2025\debug\zmi-2025.tlog\cl.write.1.tlog
d:\программирование\3_сем\кпо\zmi-2025\zmi-2025\debug\zmi-2025.tlog\link.command.1.tlog
d:\программирование\3_сем\кпо\zmi-2025\zmi-2025\debug\zmi-2025.tlog\link.read.1.tlog
d:\программирование\3_сем\кпо\zmi-2025\zmi-2025\debug\zmi-2025.tlog\link.secondary.1.tlog
d:\программирование\3_сем\кпо\zmi-2025\zmi-2025\debug\zmi-2025.tlog\link.write.1.tlog
