
---------------Протокол-----------------
 ------02.12.25 02:12:15-----
  
 ---- Параметры ---- 

-in: in.txt
-out: in.txt.out
-log: in.txt.log


Всего символов: 545

Всего строк: 49

Пропущено: 0


------------------Таблица индетификаторов------------------

 Идентификатор | тип данных | первое вхождение | содержание 
_____Литерал_______________________________________________
L1             | string     | 35               | [9]Resuit is
L2             | int(1)     | 66               | 10
L3             | int(1)     | 70               | 5
L4             | int(1)     | 74               | 255
L5             | char       | 82               | 'A'
L6             | int(1)     | 116              | 15
L7             | string     | 121              | [7]Correct
L8             | int(1)     | 124              | 0
L9             | string     | 129              | [4]Zero
L10            | string     | 136              | [7]Unknown
L11            | int(1)     | 144              | 2
L12            | int(1)     | 150              | 3
_____Переменная____________________________________________
res            | int(1)     | 12               | -
msg            | string     | 31               | -
x              | int(1)     | 44               | -
y              | int(1)     | 47               | -
hexVal         | int(1)     | 50               | -
binVal         | int(1)     | 53               | -
symbol         | char       | 56               | -
s              | string     | 59               | -
result         | int(1)     | 62               | -
getMessage     | 96               | -
_____Параметр_____________________________________________
a              | int(1)     | 5                | -
b              | int(1)     | 8                | -
_____Функция_______________________________________________
calculator     | int(1)     | 2                | -
getmessage     | string     | 26               | -
_____Оператор______________________________________________
=              | -          | 15               | -
+              | -          | 17               | -
=              | -          | 34               | -
=              | -          | 65               | -
=              | -          | 69               | -
=              | -          | 73               | -
=              | -          | 77               | -
=              | -          | 81               | -
=              | -          | 86               | -
=              | -          | 95               | -
<              | -          | 101              | -
<              | -          | 102              | -
<              | -          | 106              | -
<              | -          | 107              | -
<              | -          | 119              | -
<              | -          | 120              | -
<              | -          | 127              | -
<              | -          | 128              | -
<              | -          | 134              | -
<              | -          | 135              | -
=              | -          | 141              | -
*              | -          | 143              | -
=              | -          | 147              | -
/              | -          | 149              | -
<              | -          | 153              | -
<              | -          | 154              | -

------------------Синтаксический анализ------------------

Шаг  :Правило                       Входная лента                 Стек                
0   : S->tfi()TS                    tfi(ti,ti){ti;i=ivi;ri;}s     S$                  
0   : SAVESTATE:          1
0   :                               tfi(ti,ti){ti;i=ivi;ri;}s     tfi()TS$            
1   :                               fi(ti,ti){ti;i=ivi;ri;}sf     fi()TS$             
2   :                               i(ti,ti){ti;i=ivi;ri;}sfi     i()TS$              
3   :                               (ti,ti){ti;i=ivi;ri;}sfi(     ()TS$               
4   :                               ti,ti){ti;i=ivi;ri;}sfi()     )TS$                
5   : TS_NOK / NS_NORULECHAIN
5   : RESSTATE            
5   :                               tfi(ti,ti){ti;i=ivi;ri;}s     S$                  
6   : S->tfi(F)TS                   tfi(ti,ti){ti;i=ivi;ri;}s     S$                  
6   : SAVESTATE:          1
6   :                               tfi(ti,ti){ti;i=ivi;ri;}s     tfi(F)TS$           
7   :                               fi(ti,ti){ti;i=ivi;ri;}sf     fi(F)TS$            
8   :                               i(ti,ti){ti;i=ivi;ri;}sfi     i(F)TS$             
9   :                               (ti,ti){ti;i=ivi;ri;}sfi(     (F)TS$              
10  :                               ti,ti){ti;i=ivi;ri;}sfi()     F)TS$               
11  : F->ti                         ti,ti){ti;i=ivi;ri;}sfi()     F)TS$               
11  : SAVESTATE:          2
11  :                               ti,ti){ti;i=ivi;ri;}sfi()     ti)TS$              
12  :                               i,ti){ti;i=ivi;ri;}sfi(){     i)TS$               
13  :                               ,ti){ti;i=ivi;ri;}sfi(){s     )TS$                
14  : TS_NOK / NS_NORULECHAIN
14  : RESSTATE            
14  :                               ti,ti){ti;i=ivi;ri;}sfi()     F)TS$               
15  : F->ti,F                       ti,ti){ti;i=ivi;ri;}sfi()     F)TS$               
15  : SAVESTATE:          2
15  :                               ti,ti){ti;i=ivi;ri;}sfi()     ti,F)TS$            
16  :                               i,ti){ti;i=ivi;ri;}sfi(){     i,F)TS$             
17  :                               ,ti){ti;i=ivi;ri;}sfi(){s     ,F)TS$              
18  :                               ti){ti;i=ivi;ri;}sfi(){si     F)TS$               
19  : F->ti                         ti){ti;i=ivi;ri;}sfi(){si     F)TS$               
19  : SAVESTATE:          3
19  :                               ti){ti;i=ivi;ri;}sfi(){si     ti)TS$              
20  :                               i){ti;i=ivi;ri;}sfi(){si;     i)TS$               
21  :                               ){ti;i=ivi;ri;}sfi(){si;i     )TS$                
22  :                               {ti;i=ivi;ri;}sfi(){si;i=     TS$                 
23  : T->{N}                        {ti;i=ivi;ri;}sfi(){si;i=     TS$                 
23  : SAVESTATE:          4
23  :                               {ti;i=ivi;ri;}sfi(){si;i=     {N}S$               
24  :                               ti;i=ivi;ri;}sfi(){si;i=l     N}S$                
25  : N->ti;N                       ti;i=ivi;ri;}sfi(){si;i=l     N}S$                
25  : SAVESTATE:          5
25  :                               ti;i=ivi;ri;}sfi(){si;i=l     ti;N}S$             
26  :                               i;i=ivi;ri;}sfi(){si;i=l;     i;N}S$              
27  :                               ;i=ivi;ri;}sfi(){si;i=l;r     ;N}S$               
28  :                               i=ivi;ri;}sfi(){si;i=l;ri     N}S$                
29  : N->i=E;N                      i=ivi;ri;}sfi(){si;i=l;ri     N}S$                
29  : SAVESTATE:          6
29  :                               i=ivi;ri;}sfi(){si;i=l;ri     i=E;N}S$            
30  :                               =ivi;ri;}sfi(){si;i=l;ri;     =E;N}S$             
31  :                               ivi;ri;}sfi(){si;i=l;ri;}     E;N}S$              
32  : E->i                          ivi;ri;}sfi(){si;i=l;ri;}     E;N}S$              
32  : SAVESTATE:          7
32  :                               ivi;ri;}sfi(){si;i=l;ri;}     i;N}S$              
33  :                               vi;ri;}sfi(){si;i=l;ri;}m     ;N}S$               
34  : TS_NOK / NS_NORULECHAIN
34  : RESSTATE            
34  :                               ivi;ri;}sfi(){si;i=l;ri;}     E;N}S$              
35  : E->iM                         ivi;ri;}sfi(){si;i=l;ri;}     E;N}S$              
35  : SAVESTATE:          7
35  :                               ivi;ri;}sfi(){si;i=l;ri;}     iM;N}S$             
36  :                               vi;ri;}sfi(){si;i=l;ri;}m     M;N}S$              
37  : M->vE                         vi;ri;}sfi(){si;i=l;ri;}m     M;N}S$              
37  : SAVESTATE:          8
37  :                               vi;ri;}sfi(){si;i=l;ri;}m     vE;N}S$             
38  :                               i;ri;}sfi(){si;i=l;ri;}m{     E;N}S$              
39  : E->i                          i;ri;}sfi(){si;i=l;ri;}m{     E;N}S$              
39  : SAVESTATE:          9
39  :                               i;ri;}sfi(){si;i=l;ri;}m{     i;N}S$              
40  :                               ;ri;}sfi(){si;i=l;ri;}m{t     ;N}S$               
41  :                               ri;}sfi(){si;i=l;ri;}m{ti     N}S$                
