
-----------------Преобразованный исходный код---------------------
01 m{
02 ti;
03 ti;
04 ci;
05 i=l;
06 i=l;
07 i=l;
08 w(ivi){|ovvi;
09 }
10 h(i){
11 al;
12 ovvi;
13 al;
14 ovvi;
15 }

-----------------Преобразованный исходный код---------------------
01 tfi(ti,ti){
02 ti;
03 i=ivi;
04 ri;
05 }
07 sfi(){
08 si;
09 i=l;
10 ri;
11 }
13 m{
14 ti;
15 ti;
16 ti;
17 ti;
18 ci;
19 si;
20 ti;
22 i=l;
23 i=l;
25 i=l;
26 i=l;
27 i=l;
29 ;
30 i=i(i,i);
32 i=i();
33 ovvi;
34 ovvi;
36 h(i){
37 al:
38 ovvl;
39 al:
40 ovvl;
41 d:
42 ovvl;
43 }
45 ;
46 i=ivl;
47 i=ivl;
48 ovvi;

-----------------Преобразованный исходный код---------------------
01 tfi(ti,ti){
02 ti;
03 i=ivi;
04 ri;
05 }
07 sfi(){
08 si;
09 i=l;
10 ri;
11 }
13 m{
14 ti;
15 ti;
16 ti;
17 ti;
18 ci;
19 si;
20 ti;
22 i=l;
23 i=l;
25 i=l;
26 i=l;
27 i=l;
29 ;
30 i=i(i,i);
32 i=i();
33 ovvi;
34 ovvi;
36 h(i){
37 al:
38 ovvl;
39 al:
40 ovvl;
41 d:
42 ovvl;
43 }
45 ;
46 i=ivl;
47 i=ivl;
48 ovvi;

-----------------Преобразованный исходный код---------------------
01 tfi(ti,ti){
02 ti;
03 i=ivi;
04 ri;
05 }
07 sfi(){
08 si;
09 i=l;
10 ri;
11 }
13 m{
14 ti;
15 ti;
16 ti;
17 ti;
18 ci;
19 si;
20 ti;
22 i=l;
23 i=l;
25 i=l;
26 i=l;
27 i=l;
29 ;
30 i=i(i,i);
32 i=i();
33 ovvi;
34 ovvi;
36 h(i){
37 al:
38 ovvl;
39 al:
40 ovvl;
41 d:
42 ovvl;
43 }
45 ;
46 i=ivl;
47 i=ivl;
48 ovvi;
